<?xml version="1.0" encoding="UTF-8"?>
<testsuite xmlns:xsi="http://www.w3.org/2001/XMLSchema-instance" xsi:noNamespaceSchemaLocation="https://maven.apache.org/surefire/maven-surefire-plugin/xsd/surefire-test-report.xsd" version="3.0.2" name="runner.TestRunner" time="55.1" tests="2" errors="1" skipped="0" failures="0">
  <properties>
[...]
</properties>
  <testcase name="Inicio de sesión exitoso con credenciales válidas #1" classname="Inicio de sesión en Casino Atlantic City" time="15.613">
    <system-out><![CDATA[
@smoke @critical @regression
Scenario Outline: Inicio de sesiÃ³n exitoso con credenciales vÃ¡lidas  # file:///C:/Users/DELL/Desktop/RetoTecnicoQA/src/test/resources/features/Login.feature:14
  âœ” Given que el usuario ingresa a la pÃ¡gina de Casino Atlantic City # steps.LoginSteps.ingresarPaginaCasino()
  âœ” When hace clic en el botÃ³n "Iniciar sesiÃ³n"                      # steps.LoginSteps.clickIniciarSesion(java.lang.String)
  âœ” And ingresa el usuario "Testcalimaco34"                          # steps.LoginSteps.ingresarUsuario(java.lang.String)
  âœ” And ingresa la contraseÃ±a "Testcalimaco34"                       # steps.LoginSteps.ingresarPassword(java.lang.String)
  âœ” And hace clic en el botÃ³n para iniciar sesiÃ³n                    # steps.LoginSteps.enviarLogin()
  âœ” Then el usuario debe iniciar sesiÃ³n correctamente                # steps.LoginSteps.validarLoginExitoso()
]]></system-out>
    <system-err><![CDATA[set. 08, 2026 2:22:53 P. M. org.openqa.selenium.devtools.CdpVersionFinder findNearestMatch
ADVERTENCIA: Unable to find CDP implementation matching 152
set. 08, 2026 2:22:53 P. M. org.openqa.selenium.chromium.ChromiumDriver lambda$new$4
ADVERTENCIA: Unable to find version of CDP to use for 152.0.7977.76. You may need to include a dependency on a specific version of the CDP using something similar to `org.seleniumhq.selenium:selenium-devtools-v86:4.35.0` where the version ("v86") matches the version of the chromium-based browser you're using and the version number of the artifact is the same as Selenium's.
]]></system-err>
  </testcase>
  <testcase name="Inicio de sesión exitoso con credenciales válidas #2" classname="Inicio de sesión en Casino Atlantic City" time="38.107">
    <error message="Expected condition failed: waiting for visibility of element located by By.xpath: //label[contains(.,&apos;Usuario o correo electrónico&apos;)]/following::input[1] (tried for 10 second(s) with 500 milliseconds interval)&#10;Build info: version: &apos;4.35.0&apos;, revision: &apos;1c58e5028b&apos;&#10;System info: os.name: &apos;Windows 10&apos;, os.arch: &apos;amd64&apos;, os.version: &apos;10.0&apos;, java.version: &apos;17.0.11&apos;&#10;Driver info: org.openqa.selenium.chrome.ChromeDriver&#10;Capabilities {acceptInsecureCerts: false, browserName: chrome, browserVersion: 152.0.7977.76, chrome: {chromedriverVersion: 152.0.7977.82 (d04cdb24d67b..., userDataDir: C:\Users\DELL\AppData\Local...}, fedcm:accounts: true, goog:chromeOptions: {debuggerAddress: localhost:59674}, goog:processID: 9556, networkConnectionEnabled: false, pageLoadStrategy: normal, platformName: windows, proxy: Proxy(), se:cdp: ws://localhost:59674/devtoo..., se:cdpVersion: 152.0.7977.76, setWindowRect: true, strictFileInteractability: false, timeouts: {implicit: 0, pageLoad: 300000, script: 30000}, unhandledPromptBehavior: dismiss and notify, webauthn:extension:credBlob: true, webauthn:extension:largeBlob: true, webauthn:extension:minPinLength: true, webauthn:extension:prf: true, webauthn:virtualAuthenticators: true}&#10;Session ID: ea3b8aa9889db445da1b29d9f5b03a8a" type="org.openqa.selenium.TimeoutException"><![CDATA[org.openqa.selenium.TimeoutException: 
Expected condition failed: waiting for visibility of element located by By.xpath: //label[contains(.,'Usuario o correo electrónico')]/following::input[1] (tried for 10 second(s) with 500 milliseconds interval)
Build info: version: '4.35.0', revision: '1c58e5028b'
System info: os.name: 'Windows 10', os.arch: 'amd64', os.version: '10.0', java.version: '17.0.11'
Driver info: org.openqa.selenium.chrome.ChromeDriver
Capabilities {acceptInsecureCerts: false, browserName: chrome, browserVersion: 152.0.7977.76, chrome: {chromedriverVersion: 152.0.7977.82 (d04cdb24d67b..., userDataDir: C:\Users\DELL\AppData\Local...}, fedcm:accounts: true, goog:chromeOptions: {debuggerAddress: localhost:59674}, goog:processID: 9556, networkConnectionEnabled: false, pageLoadStrategy: normal, platformName: windows, proxy: Proxy(), se:cdp: ws://localhost:59674/devtoo..., se:cdpVersion: 152.0.7977.76, setWindowRect: true, strictFileInteractability: false, timeouts: {implicit: 0, pageLoad: 300000, script: 30000}, unhandledPromptBehavior: dismiss and notify, webauthn:extension:credBlob: true, webauthn:extension:largeBlob: true, webauthn:extension:minPinLength: true, webauthn:extension:prf: true, webauthn:virtualAuthenticators: true}
Session ID: ea3b8aa9889db445da1b29d9f5b03a8a
	at org.openqa.selenium.support.ui.WebDriverWait.timeoutException(WebDriverWait.java:84)
	at org.openqa.selenium.support.ui.FluentWait.until(FluentWait.java:228)
	at pages.LoginPage.enterUsername(LoginPage.java:69)
	at steps.LoginSteps.ingresarUsuario(LoginSteps.java:37)
	at ✽.ingresa el usuario "Testcalimaco36"(file:///C:/Users/DELL/Desktop/RetoTecnicoQA/src/test/resources/features/Login.feature:7)
]]></error>
    <system-out><![CDATA[
@smoke @critical @regression
Scenario Outline: Inicio de sesiÃ³n exitoso con credenciales vÃ¡lidas  # file:///C:/Users/DELL/Desktop/RetoTecnicoQA/src/test/resources/features/Login.feature:15
  âœ” Given que el usuario ingresa a la pÃ¡gina de Casino Atlantic City # steps.LoginSteps.ingresarPaginaCasino()
  âœ” When hace clic en el botÃ³n "Iniciar sesiÃ³n"                      # steps.LoginSteps.clickIniciarSesion(java.lang.String)
  âœ˜ And ingresa el usuario "Testcalimaco36"                          # steps.LoginSteps.ingresarUsuario(java.lang.String)
        org.openqa.selenium.TimeoutException: Expected condition failed: waiting for visibility of element located by By.xpath: //label[contains(.,'Usuario o correo electrÃ³nico')]/following::input[1] (tried for 10 second(s) with 500 milliseconds interval)
        Build info: version: '4.35.0', revision: '1c58e5028b'
        System info: os.name: 'Windows 10', os.arch: 'amd64', os.version: '10.0', java.version: '17.0.11'
        Driver info: org.openqa.selenium.chrome.ChromeDriver
        Capabilities {acceptInsecureCerts: false, browserName: chrome, browserVersion: 152.0.7977.76, chrome: {chromedriverVersion: 152.0.7977.82 (d04cdb24d67b..., userDataDir: C:\Users\DELL\AppData\Local...}, fedcm:accounts: true, goog:chromeOptions: {debuggerAddress: localhost:59674}, goog:processID: 9556, networkConnectionEnabled: false, pageLoadStrategy: normal, platformName: windows, proxy: Proxy(), se:cdp: ws://localhost:59674/devtoo..., se:cdpVersion: 152.0.7977.76, setWindowRect: true, strictFileInteractability: false, timeouts: {implicit: 0, pageLoad: 300000, script: 30000}, unhandledPromptBehavior: dismiss and notify, webauthn:extension:credBlob: true, webauthn:extension:largeBlob: true, webauthn:extension:minPinLength: true, webauthn:extension:prf: true, webauthn:virtualAuthenticators: true}
        Session ID: ea3b8aa9889db445da1b29d9f5b03a8a
        	at org.openqa.selenium.support.ui.WebDriverWait.timeoutException(WebDriverWait.java:84)
        	at org.openqa.selenium.support.ui.FluentWait.until(FluentWait.java:228)
        	at pages.LoginPage.enterUsername(LoginPage.java:69)
        	at steps.LoginSteps.ingresarUsuario(LoginSteps.java:37)
        	at âœ½.ingresa el usuario "Testcalimaco36"(file:///C:/Users/DELL/Desktop/RetoTecnicoQA/src/test/resources/features/Login.feature:7)
  â†· And ingresa la contraseÃ±a "Testcalimaco36"                       # steps.LoginSteps.ingresarPassword(java.lang.String)
  â†· And hace clic en el botÃ³n para iniciar sesiÃ³n                    # steps.LoginSteps.enviarLogin()
  â†· Then el usuario debe iniciar sesiÃ³n correctamente                # steps.LoginSteps.validarLoginExitoso()
]]></system-out>
    <system-err><![CDATA[set. 08, 2026 2:23:10 P. M. org.openqa.selenium.devtools.CdpVersionFinder findNearestMatch
ADVERTENCIA: Unable to find CDP implementation matching 152
set. 08, 2026 2:23:10 P. M. org.openqa.selenium.chromium.ChromiumDriver lambda$new$4
ADVERTENCIA: Unable to find version of CDP to use for 152.0.7977.76. You may need to include a dependency on a specific version of the CDP using something similar to `org.seleniumhq.selenium:selenium-devtools-v86:4.35.0` where the version ("v86") matches the version of the chromium-based browser you're using and the version number of the artifact is the same as Selenium's.
]]></system-err>
  </testcase>
</testsuite>